#
# There is insufficient memory for the Java Runtime Environment to continue.
# Native memory allocation (mmap) failed to map 266338304 bytes for Failed to commit area from 0x0000000703200000 to 0x0000000713000000 of length 266338304.
# Possible reasons:
#   The system is out of physical RAM or swap space
#   The process is running with CompressedOops enabled, and the Java Heap may be blocking the growth of the native heap
# Possible solutions:
#   Reduce memory load on the system
#   Increase physical memory or swap space
#   Check if swap backing store is full
#   Decrease Java heap size (-Xmx/-Xms)
#   Decrease number of Java threads
#   Decrease Java thread stack sizes (-Xss)
#   Set larger code cache with -XX:ReservedCodeCacheSize=
# This output file may be truncated or incomplete.
#
#  Out of Memory Error (./src/hotspot/os/windows/os_windows.cpp:3303), pid=1228, tid=25260
#
# JRE version:  (11.0.8+10) (build )
# Java VM: OpenJDK 64-Bit Server VM (11.0.8+10-b944.6842174, mixed mode, sharing, tiered, compressed oops, g1 gc, windows-amd64)
# No core dump will be written. Minidumps are not enabled by default on client versions of Windows
#

---------------  S U M M A R Y ------------

Command Line: org.jetbrains.git4idea.http.GitAskPassApp Password for 'https://jaume-emma@bitbucket.org': 

Host: 11th Gen Intel(R) Core(TM) i7-1165G7 @ 2.80GHz, 8 cores, 15G,  Windows 10 , 64 bit Build 19041 (10.0.19041.1023)
Time: Tue Jun 22 12:50:17 2021 Hora de verano romance elapsed time: 0 seconds (0d 0h 0m 0s)

---------------  T H R E A D  ---------------

Current thread (0x000001e31833e000):  JavaThread "Unknown thread" [_thread_in_vm, id=25260, stack(0x000000c820f00000,0x000000c821000000)]

Stack: [0x000000c820f00000,0x000000c821000000]
Native frames: (J=compiled Java code, j=interpreted, Vv=VM code, C=native code)
V  [jvm.dll+0x5de50a]
V  [jvm.dll+0x7122f5]
V  [jvm.dll+0x71384d]
V  [jvm.dll+0x713f03]
V  [jvm.dll+0x23e728]
V  [jvm.dll+0x5db9a4]
V  [jvm.dll+0x5d0ae5]
V  [jvm.dll+0x2fb20b]
V  [jvm.dll+0x2fb17a]
V  [jvm.dll+0x2fb052]
V  [jvm.dll+0x2fff16]
V  [jvm.dll+0x348743]
V  [jvm.dll+0x348e46]
V  [jvm.dll+0x348843]
V  [jvm.dll+0x2d5d68]
V  [jvm.dll+0x2d6f07]
V  [jvm.dll+0x6f11f7]
V  [jvm.dll+0x6f29ec]
V  [jvm.dll+0x355cb9]
V  [jvm.dll+0x6d4ade]
V  [jvm.dll+0x3bdfe3]
V  [jvm.dll+0x3c0201]
C  [jli.dll+0x5373]
C  [ucrtbase.dll+0x21bb2]
C  [KERNEL32.DLL+0x17034]
C  [ntdll.dll+0x52651]


---------------  P R O C E S S  ---------------

Threads class SMR info:
_java_thread_list=0x000001e3160f1730, length=0, elements={
}

Java Threads: ( => current thread )

Other Threads:
  0x000001e318355000 GCTaskThread "GC Thread#0" [stack: 0x000000c821000000,0x000000c821100000] [id=24900]
  0x000001e3183b1000 ConcurrentGCThread "G1 Main Marker" [stack: 0x000000c821100000,0x000000c821200000] [id=1232]
  0x000001e3183b7800 ConcurrentGCThread "G1 Conc#0" [stack: 0x000000c821200000,0x000000c821300000] [id=14836]

[error occurred during error reporting (printing all threads), id 0xc0000005, EXCEPTION_ACCESS_VIOLATION (0xc0000005) at pc=0x00007ffd484e6357]

VM state:not at safepoint (not fully initialized)

VM Mutex/Monitor currently owned by a thread:  ([mutex/lock_event])
[0x000001e31833b160] Heap_lock - owner thread: 0x000001e31833e000

Heap address: 0x0000000703200000, size: 4046 MB, Compressed Oops mode: Non-zero based: 0x0000000703200000
Narrow klass base: 0x0000000000000000, Narrow klass shift: 0

GC Heap History (0 events):
No events

Deoptimization events (0 events):
No events

Classes redefined (0 events):
No events

Internal exceptions (0 events):
No events

Events (1 events):
Event: 0.100 Loaded shared library C:\Program Files\android-studio-ide-202.7094744-windows\android-studio\jre\bin\zip.dll


Dynamic libraries:
0x00007ff64f380000 - 0x00007ff64f38a000 	C:\Program Files\android-studio-ide-202.7094744-windows\android-studio\jre\bin\java.exe
0x00007ffd76190000 - 0x00007ffd76385000 	C:\Windows\SYSTEM32\ntdll.dll
0x00007ffd74280000 - 0x00007ffd7433d000 	C:\Windows\System32\KERNEL32.DLL
0x00007ffd73ae0000 - 0x00007ffd73da8000 	C:\Windows\System32\KERNELBASE.dll
0x00007ffd739b0000 - 0x00007ffd73ab0000 	C:\Windows\System32\ucrtbase.dll
0x00007ffd51650000 - 0x00007ffd51669000 	C:\Program Files\android-studio-ide-202.7094744-windows\android-studio\jre\bin\jli.dll
0x00007ffd4ba70000 - 0x00007ffd4ba87000 	C:\Program Files\android-studio-ide-202.7094744-windows\android-studio\jre\bin\VCRUNTIME140.dll
0x00007ffd74a90000 - 0x00007ffd74c30000 	C:\Windows\System32\USER32.dll
0x00007ffd60f50000 - 0x00007ffd611ea000 	C:\Windows\WinSxS\amd64_microsoft.windows.common-controls_6595b64144ccf1df_6.0.19041.1052_none_60b8f8fd71f5e8cb\COMCTL32.dll
0x00007ffd73ab0000 - 0x00007ffd73ad2000 	C:\Windows\System32\win32u.dll
0x00007ffd753b0000 - 0x00007ffd753da000 	C:\Windows\System32\GDI32.dll
0x00007ffd738a0000 - 0x00007ffd739ab000 	C:\Windows\System32\gdi32full.dll
0x00007ffd76080000 - 0x00007ffd7611e000 	C:\Windows\System32\msvcrt.dll
0x00007ffd73f40000 - 0x00007ffd73fdd000 	C:\Windows\System32\msvcp_win.dll
0x00007ffd741d0000 - 0x00007ffd74200000 	C:\Windows\System32\IMM32.DLL
0x00007ffd47fb0000 - 0x00007ffd4804d000 	C:\Program Files\android-studio-ide-202.7094744-windows\android-studio\jre\bin\msvcp140.dll
0x00007ffd48200000 - 0x00007ffd48cbc000 	C:\Program Files\android-studio-ide-202.7094744-windows\android-studio\jre\bin\server\jvm.dll
0x00007ffd751c0000 - 0x00007ffd7526c000 	C:\Windows\System32\ADVAPI32.dll
0x00007ffd74cc0000 - 0x00007ffd74d5b000 	C:\Windows\System32\sechost.dll
0x00007ffd74e10000 - 0x00007ffd74f3b000 	C:\Windows\System32\RPCRT4.dll
0x00007ffd75b30000 - 0x00007ffd75b38000 	C:\Windows\System32\PSAPI.DLL
0x00007ffd63a80000 - 0x00007ffd63aa7000 	C:\Windows\SYSTEM32\WINMM.dll
0x00007ffd212c0000 - 0x00007ffd212c9000 	C:\Windows\SYSTEM32\WSOCK32.dll
0x00007ffd692d0000 - 0x00007ffd692da000 	C:\Windows\SYSTEM32\VERSION.dll
0x00007ffd74f40000 - 0x00007ffd74fab000 	C:\Windows\System32\WS2_32.dll
0x00007ffd72020000 - 0x00007ffd72032000 	C:\Windows\SYSTEM32\kernel.appcore.dll
0x00007ffd68b90000 - 0x00007ffd68ba1000 	C:\Program Files\android-studio-ide-202.7094744-windows\android-studio\jre\bin\verify.dll
0x00007ffd710d0000 - 0x00007ffd712b4000 	C:\Windows\SYSTEM32\DBGHELP.DLL
0x00007ffd67180000 - 0x00007ffd671ac000 	C:\Windows\SYSTEM32\dbgcore.DLL
0x00007ffd73eb0000 - 0x00007ffd73f33000 	C:\Windows\System32\bcryptPrimitives.dll
0x00007ffd689d0000 - 0x00007ffd689f9000 	C:\Program Files\android-studio-ide-202.7094744-windows\android-studio\jre\bin\java.dll
0x00007ffd6dd50000 - 0x00007ffd6dd5b000 	C:\Program Files\android-studio-ide-202.7094744-windows\android-studio\jre\bin\jimage.dll
0x00007ffd68a80000 - 0x00007ffd68a98000 	C:\Program Files\android-studio-ide-202.7094744-windows\android-studio\jre\bin\zip.dll

dbghelp: loaded successfully - version: 4.0.5 - missing functions: none
symbol engine: initialized successfully - sym options: 0x614 - pdb path: .;C:\Program Files\android-studio-ide-202.7094744-windows\android-studio\jre\bin;C:\Windows\SYSTEM32;C:\Windows\WinSxS\amd64_microsoft.windows.common-controls_6595b64144ccf1df_6.0.19041.1052_none_60b8f8fd71f5e8cb;C:\Program Files\android-studio-ide-202.7094744-windows\android-studio\jre\bin\server

VM Arguments:
java_command: org.jetbrains.git4idea.http.GitAskPassApp Password for 'https://jaume-emma@bitbucket.org': 
java_class_path (initial): C:/Program Files/android-studio-ide-202.7094744-windows/android-studio/plugins/git4idea/lib/git4idea-rt.jar;C:/Program Files/android-studio-ide-202.7094744-windows/android-studio/lib/xmlrpc-2.0.1.jar;C:/Program Files/android-studio-ide-202.7094744-windows/android-studio/lib/commons-codec-1.14.jar
Launcher Type: SUN_STANDARD

[Global flags]
     intx CICompilerCount                          = 4                                         {product} {ergonomic}
     uint ConcGCThreads                            = 2                                         {product} {ergonomic}
     uint G1ConcRefinementThreads                  = 8                                         {product} {ergonomic}
   size_t G1HeapRegionSize                         = 1048576                                   {product} {ergonomic}
    uintx GCDrainStackTargetSize                   = 64                                        {product} {ergonomic}
   size_t InitialHeapSize                          = 266338304                                 {product} {ergonomic}
   size_t MarkStackSize                            = 4194304                                   {product} {ergonomic}
   size_t MaxHeapSize                              = 4242538496                                {product} {ergonomic}
   size_t MinHeapDeltaBytes                        = 1048576                                   {product} {ergonomic}
    uintx NonNMethodCodeHeapSize                   = 5836300                                {pd product} {ergonomic}
    uintx NonProfiledCodeHeapSize                  = 122910970                              {pd product} {ergonomic}
    uintx ProfiledCodeHeapSize                     = 122910970                              {pd product} {ergonomic}
    uintx ReservedCodeCacheSize                    = 251658240                              {pd product} {ergonomic}
     bool SegmentedCodeCache                       = true                                      {product} {ergonomic}
     bool UseCompressedClassPointers               = true                                 {lp64_product} {ergonomic}
     bool UseCompressedOops                        = true                                 {lp64_product} {ergonomic}
     bool UseG1GC                                  = true                                      {product} {ergonomic}
     bool UseLargePagesIndividualAllocation        = false                                  {pd product} {ergonomic}

Logging:
Log output configuration:
 #0: stdout all=warning uptime,level,tags
 #1: stderr all=off uptime,level,tags

Environment Variables:
JAVA_HOME=C:\Program Files\Android\Jdk\microsoft_dist_openjdk_1.8.0.25
PATH=C:/Program Files/Git/mingw64/libexec/git-core;C:/Program Files/Git/mingw64/libexec/git-core;C:\Program Files\Git\mingw64\bin;C:\Program Files\Git\usr\bin;C:\Users\ferz7\bin;C:\Windows\system32;C:\Windows;C:\Windows\System32\Wbem;C:\Windows\System32\WindowsPowerShell\v1.0\;C:\Windows\System32\OpenSSH\;C:\Program Files\dotnet\;C:\Program Files\Microsoft SQL Server\130\Tools\Binn\;C:\Program Files\Microsoft SQL Server\Client SDK\ODBC\170\Tools\Binn\;C:\Program Files\Git\cmd;C:\Program Files\Docker\Docker\resources\bin;C:\ProgramData\DockerDesktop\version-bin;C:\Program Files\SourceGear\Common\DiffMerge\;C:\Users\ferz7\AppData\Local\Microsoft\WindowsApps;C:\Users\ferz7\.dotnet\tools;C:\Users\ferz7\AppData\Local\Programs\Microsoft VS Code\bin;C:\Users\ferz7\AppData\Local\GitHubDesktop\bin
USERNAME=FernandaGonçalvesLea
DISPLAY=:0.0
LC_ALL=en_US.UTF-8
OS=Windows_NT
PROCESSOR_IDENTIFIER=Intel64 Family 6 Model 140 Stepping 1, GenuineIntel



---------------  S Y S T E M  ---------------

OS: Windows 10 , 64 bit Build 19041 (10.0.19041.1023)
OS uptime: 12 days 4:59 hours
HyperV virtualization detected

CPU:total 8 (initial active 8) (4 cores per cpu, 2 threads per core) family 6 model 140 stepping 1, cmov, cx8, fxsr, mmx, sse, sse2, sse3, ssse3, sse4.1, sse4.2, popcnt, avx, avx2, aes, clmul, erms, 3dnowpref, lzcnt, ht, tsc, tscinvbit, bmi1, bmi2, adx, evex, sha, fma

Memory: 4k page, system-wide physical 16183M (92M free)
TotalPageFile size 65335M (AvailPageFile size 91M)
current process WorkingSet (physical memory assigned to process): 9M, peak: 9M
current process commit charge ("private bytes"): 60M, peak: 314M

vm_info: OpenJDK 64-Bit Server VM (11.0.8+10-b944.6842174) for windows-amd64 JRE (11.0.8+10-b944.6842174), built on Sep 19 2020 01:11:42 by "builder" with MS VC++ 14.0 (VS2015)

END.
